2020-08-08 19:04:01,853 - Starting Application on LAPTOP-UO14HM6J with PID 17852 (D:\workspace\tzw_auto\AutoTest\Chapter13\target\classes started by 86151 in D:\workspace\tzw_auto\AutoTest)
2020-08-08 19:04:01,856 - No active profile set, falling back to default profiles: default
2020-08-08 19:04:01,892 - Refreshing org.springframework.boot.context.embedded.AnnotationConfigEmbeddedWebApplicationContext@f4ea7c: startup date [Sat Aug 08 19:04:01 CST 2020]; root of context hierarchy
2020-08-08 19:04:02,051 - HV000001: Hibernate Validator 5.3.5.Final
2020-08-08 19:04:02,680 - No MyBatis mapper was found in '[com.course]' package. Please check your configuration.
2020-08-08 19:04:03,017 - Bean 'org.springframework.transaction.annotation.ProxyTransactionManagementConfiguration' of type [org.springframework.transaction.annotation.ProxyTransactionManagementConfiguration$$EnhancerBySpringCGLIB$$46ee200f] is not eligible for getting processed by all BeanPostProcessors (for example: not eligible for auto-proxying)
2020-08-08 19:04:03,263 - Tomcat initialized with port(s): 8866 (http)
2020-08-08 19:04:03,273 - Starting service Tomcat
2020-08-08 19:04:03,274 - Starting Servlet Engine: Apache Tomcat/8.5.14
2020-08-08 19:04:03,374 - Initializing Spring embedded WebApplicationContext
2020-08-08 19:04:03,374 - Root WebApplicationContext: initialization completed in 1482 ms
2020-08-08 19:04:03,525 - Mapping servlet: 'dispatcherServlet' to [/]
2020-08-08 19:04:03,529 - Mapping filter: 'characterEncodingFilter' to: [/*]
2020-08-08 19:04:03,530 - Mapping filter: 'hiddenHttpMethodFilter' to: [/*]
2020-08-08 19:04:03,530 - Mapping filter: 'httpPutFormContentFilter' to: [/*]
2020-08-08 19:04:03,530 - Mapping filter: 'requestContextFilter' to: [/*]
2020-08-08 19:04:04,375 - Mapped "{[/v1/getUserInfo],methods=[POST]}" onto public java.util.List<com.course.model.User> com.course.controller.UserManger.getUserInfo(javax.servlet.http.HttpServletRequest,com.course.model.User)
2020-08-08 19:04:04,376 - Mapped "{[/v1/addUser],methods=[POST]}" onto public java.lang.Boolean com.course.controller.UserManger.addUser(javax.servlet.http.HttpServletRequest,com.course.model.User)
2020-08-08 19:04:04,376 - Mapped "{[/v1/updateUserInfo],methods=[POST]}" onto public int com.course.controller.UserManger.updateUser(javax.servlet.http.HttpServletRequest,com.course.model.User)
2020-08-08 19:04:04,376 - Mapped "{[/v1/login],methods=[POST]}" onto public java.lang.Boolean com.course.controller.UserManger.login(javax.servlet.http.HttpServletResponse,com.course.model.User)
2020-08-08 19:04:04,377 - Mapped "{[/v2/api-docs],methods=[GET],produces=[application/json || application/hal+json]}" onto public org.springframework.http.ResponseEntity<springfox.documentation.spring.web.json.Json> springfox.documentation.swagger2.web.Swagger2Controller.getDocumentation(java.lang.String,javax.servlet.http.HttpServletRequest)
2020-08-08 19:04:04,380 - Mapped "{[/swagger-resources/configuration/security]}" onto org.springframework.http.ResponseEntity<springfox.documentation.swagger.web.SecurityConfiguration> springfox.documentation.swagger.web.ApiResourceController.securityConfiguration()
2020-08-08 19:04:04,380 - Mapped "{[/swagger-resources/configuration/ui]}" onto org.springframework.http.ResponseEntity<springfox.documentation.swagger.web.UiConfiguration> springfox.documentation.swagger.web.ApiResourceController.uiConfiguration()
2020-08-08 19:04:04,381 - Mapped "{[/swagger-resources]}" onto org.springframework.http.ResponseEntity<java.util.List<springfox.documentation.swagger.web.SwaggerResource>> springfox.documentation.swagger.web.ApiResourceController.swaggerResources()
2020-08-08 19:04:04,383 - Mapped "{[/error]}" onto public org.springframework.http.ResponseEntity<java.util.Map<java.lang.String, java.lang.Object>> org.springframework.boot.autoconfigure.web.BasicErrorController.error(javax.servlet.http.HttpServletRequest)
2020-08-08 19:04:04,383 - Mapped "{[/error],produces=[text/html]}" onto public org.springframework.web.servlet.ModelAndView org.springframework.boot.autoconfigure.web.BasicErrorController.errorHtml(javax.servlet.http.HttpServletRequest,javax.servlet.http.HttpServletResponse)
2020-08-08 19:04:04,526 - Looking for @ControllerAdvice: org.springframework.boot.context.embedded.AnnotationConfigEmbeddedWebApplicationContext@f4ea7c: startup date [Sat Aug 08 19:04:01 CST 2020]; root of context hierarchy
2020-08-08 19:04:04,570 - Mapped URL path [/webjars/**] onto handler of type [class org.springframework.web.servlet.resource.ResourceHttpRequestHandler]
2020-08-08 19:04:04,570 - Mapped URL path [/**] onto handler of type [class org.springframework.web.servlet.resource.ResourceHttpRequestHandler]
2020-08-08 19:04:04,610 - Mapped URL path [/**/favicon.ico] onto handler of type [class org.springframework.web.servlet.resource.ResourceHttpRequestHandler]
2020-08-08 19:04:04,841 - Registering beans for JMX exposure on startup
2020-08-08 19:04:04,848 - Starting beans in phase 2147483647
2020-08-08 19:04:04,848 - Context refreshed
2020-08-08 19:04:04,862 - Found 1 custom documentation plugin(s)
2020-08-08 19:04:04,876 - Scanning for api listing references
2020-08-08 19:04:05,083 - Initializing ProtocolHandler ["http-nio-8866"]
2020-08-08 19:04:05,091 - Starting ProtocolHandler ["http-nio-8866"]
2020-08-08 19:04:05,099 - Using a shared selector for servlet write/read
2020-08-08 19:04:05,116 - Tomcat started on port(s): 8866 (http)
2020-08-08 19:04:05,122 - Started Application in 3.864 seconds (JVM running for 6.194)
