2020-08-09 16:28:30,603 - Starting Application on LAPTOP-UO14HM6J with PID 16768 (D:\workspace\tzw_auto\AutoTest\Chapter13\target\classes started by 86151 in D:\workspace\tzw_auto\AutoTest)
2020-08-09 16:28:30,607 - No active profile set, falling back to default profiles: default
2020-08-09 16:28:30,659 - Refreshing org.springframework.boot.context.embedded.AnnotationConfigEmbeddedWebApplicationContext@f4ea7c: startup date [Sun Aug 09 16:28:30 CST 2020]; root of context hierarchy
2020-08-09 16:28:30,842 - HV000001: Hibernate Validator 5.3.5.Final
2020-08-09 16:28:31,561 - No MyBatis mapper was found in '[com.course]' package. Please check your configuration.
2020-08-09 16:28:31,977 - Bean 'org.springframework.transaction.annotation.ProxyTransactionManagementConfiguration' of type [org.springframework.transaction.annotation.ProxyTransactionManagementConfiguration$$EnhancerBySpringCGLIB$$6196aa73] is not eligible for getting processed by all BeanPostProcessors (for example: not eligible for auto-proxying)
2020-08-09 16:28:32,253 - Tomcat initialized with port(s): 8866 (http)
2020-08-09 16:28:32,263 - Starting service Tomcat
2020-08-09 16:28:32,264 - Starting Servlet Engine: Apache Tomcat/8.5.14
2020-08-09 16:28:32,395 - Initializing Spring embedded WebApplicationContext
2020-08-09 16:28:32,396 - Root WebApplicationContext: initialization completed in 1737 ms
2020-08-09 16:28:32,592 - Mapping servlet: 'dispatcherServlet' to [/]
2020-08-09 16:28:32,596 - Mapping filter: 'characterEncodingFilter' to: [/*]
2020-08-09 16:28:32,597 - Mapping filter: 'hiddenHttpMethodFilter' to: [/*]
2020-08-09 16:28:32,597 - Mapping filter: 'httpPutFormContentFilter' to: [/*]
2020-08-09 16:28:32,597 - Mapping filter: 'requestContextFilter' to: [/*]
2020-08-09 16:28:33,461 - Mapped "{[/v1/getUserInfo],methods=[POST]}" onto public java.util.List<com.course.model.User> com.course.controller.UserManger.getUserInfo(javax.servlet.http.HttpServletRequest,com.course.model.User)
2020-08-09 16:28:33,462 - Mapped "{[/v1/updateUserInfo],methods=[POST]}" onto public int com.course.controller.UserManger.updateUser(javax.servlet.http.HttpServletRequest,com.course.model.User)
2020-08-09 16:28:33,462 - Mapped "{[/v1/login],methods=[POST]}" onto public java.lang.Boolean com.course.controller.UserManger.login(javax.servlet.http.HttpServletResponse,com.course.model.User)
2020-08-09 16:28:33,463 - Mapped "{[/v1/addUser],methods=[POST]}" onto public java.lang.Boolean com.course.controller.UserManger.addUser(javax.servlet.http.HttpServletRequest,com.course.model.User)
2020-08-09 16:28:33,463 - Mapped "{[/v2/api-docs],methods=[GET],produces=[application/json || application/hal+json]}" onto public org.springframework.http.ResponseEntity<springfox.documentation.spring.web.json.Json> springfox.documentation.swagger2.web.Swagger2Controller.getDocumentation(java.lang.String,javax.servlet.http.HttpServletRequest)
2020-08-09 16:28:33,465 - Mapped "{[/swagger-resources/configuration/ui]}" onto org.springframework.http.ResponseEntity<springfox.documentation.swagger.web.UiConfiguration> springfox.documentation.swagger.web.ApiResourceController.uiConfiguration()
2020-08-09 16:28:33,466 - Mapped "{[/swagger-resources]}" onto org.springframework.http.ResponseEntity<java.util.List<springfox.documentation.swagger.web.SwaggerResource>> springfox.documentation.swagger.web.ApiResourceController.swaggerResources()
2020-08-09 16:28:33,467 - Mapped "{[/swagger-resources/configuration/security]}" onto org.springframework.http.ResponseEntity<springfox.documentation.swagger.web.SecurityConfiguration> springfox.documentation.swagger.web.ApiResourceController.securityConfiguration()
2020-08-09 16:28:33,471 - Mapped "{[/error]}" onto public org.springframework.http.ResponseEntity<java.util.Map<java.lang.String, java.lang.Object>> org.springframework.boot.autoconfigure.web.BasicErrorController.error(javax.servlet.http.HttpServletRequest)
2020-08-09 16:28:33,471 - Mapped "{[/error],produces=[text/html]}" onto public org.springframework.web.servlet.ModelAndView org.springframework.boot.autoconfigure.web.BasicErrorController.errorHtml(javax.servlet.http.HttpServletRequest,javax.servlet.http.HttpServletResponse)
2020-08-09 16:28:33,638 - Looking for @ControllerAdvice: org.springframework.boot.context.embedded.AnnotationConfigEmbeddedWebApplicationContext@f4ea7c: startup date [Sun Aug 09 16:28:30 CST 2020]; root of context hierarchy
2020-08-09 16:28:33,688 - Mapped URL path [/webjars/**] onto handler of type [class org.springframework.web.servlet.resource.ResourceHttpRequestHandler]
2020-08-09 16:28:33,688 - Mapped URL path [/**] onto handler of type [class org.springframework.web.servlet.resource.ResourceHttpRequestHandler]
2020-08-09 16:28:33,728 - Mapped URL path [/**/favicon.ico] onto handler of type [class org.springframework.web.servlet.resource.ResourceHttpRequestHandler]
2020-08-09 16:28:33,948 - Registering beans for JMX exposure on startup
2020-08-09 16:28:33,957 - Starting beans in phase 2147483647
2020-08-09 16:28:33,957 - Context refreshed
2020-08-09 16:28:33,974 - Found 1 custom documentation plugin(s)
2020-08-09 16:28:33,983 - Scanning for api listing references
2020-08-09 16:28:34,248 - Initializing ProtocolHandler ["http-nio-8866"]
2020-08-09 16:28:34,257 - Starting ProtocolHandler ["http-nio-8866"]
2020-08-09 16:28:34,266 - Using a shared selector for servlet write/read
2020-08-09 16:28:34,283 - Tomcat started on port(s): 8866 (http)
2020-08-09 16:28:34,289 - Started Application in 4.151 seconds (JVM running for 5.092)
2020-08-09 16:30:03,368 - Initializing Spring FrameworkServlet 'dispatcherServlet'
2020-08-09 16:30:03,369 - FrameworkServlet 'dispatcherServlet': initialization started
2020-08-09 16:30:03,397 - FrameworkServlet 'dispatcherServlet': initialization completed in 28 ms
2020-08-09 16:31:05,189 - cookie为空
2020-08-09 16:31:05,418 - Loading XML bean definitions from class path resource [org/springframework/jdbc/support/sql-error-codes.xml]
2020-08-09 16:31:05,445 - SQLErrorCodes loaded: [DB2, Derby, H2, HSQL, Informix, MS-SQL, MySQL, Oracle, PostgreSQL, Sybase, Hana]
2020-08-09 16:32:41,481 - cookie为空
2020-08-09 16:32:41,496 - 添加用户数量是1
2020-08-09 16:34:07,202 - cookie为空
2020-08-09 16:34:07,202 - getUserInfo_cookie111111111111111111111:false
2020-08-09 16:36:43,125 - 查询到的结果是1
2020-08-09 16:36:43,125 - 用户是zhangsan
2020-08-09 16:37:25,733 - cookies验证通过
2020-08-09 16:37:25,733 - getUserInfo_cookie111111111111111111111:true
2020-08-09 16:37:25,765 - getUserInfo获取到的用户数量是1
