2020-04-16 11:07:53,384 - Starting Application on PC-20171213FAZD with PID 17504 (D:\git\Git\workspace\Chapter13\target\classes started by Administrator in D:\git\Git\workspace)
2020-04-16 11:07:53,386 - No active profile set, falling back to default profiles: default
2020-04-16 11:07:53,437 - Refreshing org.springframework.boot.context.embedded.AnnotationConfigEmbeddedWebApplicationContext@223d2c72: startup date [Thu Apr 16 11:07:53 CST 2020]; root of context hierarchy
2020-04-16 11:07:53,617 - HV000001: Hibernate Validator 5.3.5.Final
2020-04-16 11:07:54,238 - No MyBatis mapper was found in '[com.course]' package. Please check your configuration.
2020-04-16 11:07:54,480 - Bean 'org.springframework.transaction.annotation.ProxyTransactionManagementConfiguration' of type [org.springframework.transaction.annotation.ProxyTransactionManagementConfiguration$$EnhancerBySpringCGLIB$$b3f87cd] is not eligible for getting processed by all BeanPostProcessors (for example: not eligible for auto-proxying)
2020-04-16 11:07:54,670 - Tomcat initialized with port(s): 8866 (http)
2020-04-16 11:07:54,677 - Starting service Tomcat
2020-04-16 11:07:54,678 - Starting Servlet Engine: Apache Tomcat/8.5.14
2020-04-16 11:07:54,757 - Initializing Spring embedded WebApplicationContext
2020-04-16 11:07:54,757 - Root WebApplicationContext: initialization completed in 1320 ms
2020-04-16 11:07:54,868 - Mapping servlet: 'dispatcherServlet' to [/]
2020-04-16 11:07:54,871 - Mapping filter: 'characterEncodingFilter' to: [/*]
2020-04-16 11:07:54,872 - Mapping filter: 'hiddenHttpMethodFilter' to: [/*]
2020-04-16 11:07:54,872 - Mapping filter: 'httpPutFormContentFilter' to: [/*]
2020-04-16 11:07:54,872 - Mapping filter: 'requestContextFilter' to: [/*]
2020-04-16 11:07:55,460 - Mapped "{[/v1/getUserInfo],methods=[POST]}" onto public java.util.List<com.course.model.User> com.course.controller.UserManger.getUserInfo(javax.servlet.http.HttpServletRequest,com.course.model.User)
2020-04-16 11:07:55,460 - Mapped "{[/v1/addUser],methods=[POST]}" onto public java.lang.Boolean com.course.controller.UserManger.addUser(javax.servlet.http.HttpServletRequest,com.course.model.User)
2020-04-16 11:07:55,460 - Mapped "{[/v1/login],methods=[POST]}" onto public java.lang.Boolean com.course.controller.UserManger.login(javax.servlet.http.HttpServletResponse,com.course.model.User)
2020-04-16 11:07:55,460 - Mapped "{[/v1/updateUserInfo],methods=[POST]}" onto public int com.course.controller.UserManger.updateUser(javax.servlet.http.HttpServletRequest,com.course.model.User)
2020-04-16 11:07:55,461 - Mapped "{[/v2/api-docs],methods=[GET],produces=[application/json || application/hal+json]}" onto public org.springframework.http.ResponseEntity<springfox.documentation.spring.web.json.Json> springfox.documentation.swagger2.web.Swagger2Controller.getDocumentation(java.lang.String,javax.servlet.http.HttpServletRequest)
2020-04-16 11:07:55,463 - Mapped "{[/swagger-resources/configuration/security]}" onto org.springframework.http.ResponseEntity<springfox.documentation.swagger.web.SecurityConfiguration> springfox.documentation.swagger.web.ApiResourceController.securityConfiguration()
2020-04-16 11:07:55,463 - Mapped "{[/swagger-resources/configuration/ui]}" onto org.springframework.http.ResponseEntity<springfox.documentation.swagger.web.UiConfiguration> springfox.documentation.swagger.web.ApiResourceController.uiConfiguration()
2020-04-16 11:07:55,464 - Mapped "{[/swagger-resources]}" onto org.springframework.http.ResponseEntity<java.util.List<springfox.documentation.swagger.web.SwaggerResource>> springfox.documentation.swagger.web.ApiResourceController.swaggerResources()
2020-04-16 11:07:55,466 - Mapped "{[/error]}" onto public org.springframework.http.ResponseEntity<java.util.Map<java.lang.String, java.lang.Object>> org.springframework.boot.autoconfigure.web.BasicErrorController.error(javax.servlet.http.HttpServletRequest)
2020-04-16 11:07:55,466 - Mapped "{[/error],produces=[text/html]}" onto public org.springframework.web.servlet.ModelAndView org.springframework.boot.autoconfigure.web.BasicErrorController.errorHtml(javax.servlet.http.HttpServletRequest,javax.servlet.http.HttpServletResponse)
2020-04-16 11:07:55,584 - Looking for @ControllerAdvice: org.springframework.boot.context.embedded.AnnotationConfigEmbeddedWebApplicationContext@223d2c72: startup date [Thu Apr 16 11:07:53 CST 2020]; root of context hierarchy
2020-04-16 11:07:55,616 - Mapped URL path [/webjars/**] onto handler of type [class org.springframework.web.servlet.resource.ResourceHttpRequestHandler]
2020-04-16 11:07:55,616 - Mapped URL path [/**] onto handler of type [class org.springframework.web.servlet.resource.ResourceHttpRequestHandler]
2020-04-16 11:07:55,639 - Mapped URL path [/**/favicon.ico] onto handler of type [class org.springframework.web.servlet.resource.ResourceHttpRequestHandler]
2020-04-16 11:07:55,801 - Registering beans for JMX exposure on startup
2020-04-16 11:07:55,806 - Starting beans in phase 2147483647
2020-04-16 11:07:55,806 - Context refreshed
2020-04-16 11:07:55,817 - Found 1 custom documentation plugin(s)
2020-04-16 11:07:55,824 - Scanning for api listing references
2020-04-16 11:07:55,989 - Initializing ProtocolHandler ["http-nio-8866"]
2020-04-16 11:07:55,994 - Starting ProtocolHandler ["http-nio-8866"]
2020-04-16 11:07:56,004 - Using a shared selector for servlet write/read
2020-04-16 11:07:56,018 - Tomcat started on port(s): 8866 (http)
2020-04-16 11:07:56,022 - Started Application in 2.923 seconds (JVM running for 3.455)
